<?xml version="1.0" encoding="UTF-8"?>
<!-- Generated by org.testng.reporters.JUnitReportReporter -->
<testsuite hostname="Ravi" failures="0" tests="4" name="Testrunners.testpagerunner" time="108.054" errors="0" timestamp="2023-12-08T16:04:31 IST" skipped="0">
  <testcase classname="Testrunners.testpagerunner" name="runScenario" time="49.940"/>
  <testcase classname="Testrunners.testpagerunner" name="runScenario" time="6.765"/>
  <testcase classname="Testrunners.testpagerunner" name="runScenario" time="6.285"/>
  <testcase classname="Testrunners.testpagerunner" name="runScenario" time="45.064"/>
</testsuite> <!-- Testrunners.testpagerunner -->
