<?xml version="1.0" encoding="UTF-8"?>
<!-- Generated by org.testng.reporters.JUnitReportReporter -->
<testsuite hostname="Ravi" failures="0" tests="2" name="Testrunners.parametertestrunner" time="98.823" errors="0" timestamp="2023-10-15T22:37:16 IST" skipped="0">
  <testcase classname="Testrunners.parametertestrunner" name="runScenario" time="45.602"/>
  <testcase classname="Testrunners.parametertestrunner" name="runScenario" time="53.221"/>
</testsuite> <!-- Testrunners.parametertestrunner -->
